{
  "Unit Tests": {
    "coverage": {
      "/Users/admirdraganovic/turing/1.2module/projects/enigma/lib/encrypt.rb": [
        1,
        1,
        1,
        1,
        null,
        1,
        null,
        1,
        16,
        16,
        16,
        null,
        null,
        1,
        9,
        9,
        68,
        null,
        null,
        null,
        1,
        null,
        54,
        54,
        6,
        null,
        null,
        null,
        null,
        1,
        0,
        0,
        0,
        0,
        0,
        0,
        0,
        0,
        0,
        null
      ],
      "/Users/admirdraganovic/turing/1.2module/projects/enigma/lib/offset.rb": [
        1,
        1,
        1,
        null,
        null,
        null,
        1,
        null,
        1,
        16,
        16,
        null,
        null,
        1,
        216,
        216,
        null,
        null,
        1,
        54,
        null,
        null,
        1,
        54,
        null,
        null,
        1,
        54,
        null,
        null,
        1,
        54,
        null,
        null,
        1,
        54,
        null,
        null,
        1,
        54,
        null,
        null,
        1,
        54,
        null,
        null,
        1,
        54,
        null,
        null,
        1,
        54,
        null,
        null,
        1,
        54,
        null,
        null,
        1,
        54,
        null,
        null,
        1,
        54,
        null,
        null,
        1,
        null,
        null,
        null,
        null,
        null,
        54,
        null,
        null,
        1,
        6,
        6,
        6,
        54,
        54,
        54,
        null,
        null,
        null,
        1,
        0,
        0,
        0,
        0,
        0,
        0,
        null,
        null,
        null,
        null
      ],
      "/Users/admirdraganovic/turing/1.2module/projects/enigma/lib/chars.rb": [
        1,
        null,
        1,
        null,
        1,
        122,
        null,
        null,
        null
      ]
    },
    "timestamp": 1450329272
  },
  "RSpec": {
    "coverage": {
      "/Users/admirdraganovic/turing/1.2module/projects/enigma/test/crack_test.rb": [
        1,
        1,
        1,
        1,
        1,
        null,
        1,
        null,
        1,
        1,
        1,
        1,
        null,
        1,
        null,
        null,
        1,
        1,
        null,
        1,
        null,
        1,
        null,
        null,
        1,
        1,
        null,
        1,
        null,
        1,
        null,
        null,
        1,
        1,
        null,
        1,
        null,
        1,
        null,
        null,
        1,
        1,
        null,
        1,
        null,
        1,
        null,
        null,
        1,
        1,
        null,
        1,
        null,
        1,
        null,
        null,
        1,
        1,
        null,
        1,
        null,
        1,
        null,
        null,
        1,
        1,
        null,
        1,
        null,
        1,
        null,
        null,
        1,
        1,
        null,
        1,
        null,
        1,
        null,
        null,
        1,
        1,
        null,
        1,
        null,
        1,
        null,
        null,
        1,
        1,
        1,
        null,
        1,
        null,
        null,
        1,
        1,
        1,
        null,
        1,
        null,
        null,
        null
      ],
      "/Users/admirdraganovic/turing/1.2module/projects/enigma/lib/crack.rb": [
        1,
        1,
        1,
        1,
        null,
        null,
        1,
        null,
        1,
        null,
        1,
        12,
        12,
        null,
        null,
        1,
        111,
        null,
        null,
        1,
        55,
        55,
        null,
        null,
        1,
        55,
        55,
        null,
        null,
        1,
        55,
        55,
        null,
        null,
        1,
        55,
        55,
        null,
        null,
        1,
        54,
        54,
        1,
        53,
        51,
        2,
        1,
        1,
        1,
        null,
        null,
        null,
        1,
        2,
        2,
        2,
        50,
        50,
        50,
        50,
        null,
        null,
        null,
        1,
        null,
        25,
        25,
        1,
        null,
        null,
        1,
        null,
        1,
        50,
        null,
        null,
        1,
        50,
        50,
        null,
        null,
        null,
        null,
        1,
        0,
        0,
        0,
        0,
        0,
        0,
        0,
        0,
        0,
        null
      ],
      "/Users/admirdraganovic/turing/1.2module/projects/enigma/lib/encrypt.rb": [
        1,
        1,
        1,
        1,
        null,
        1,
        null,
        1,
        24,
        24,
        24,
        null,
        null,
        1,
        16,
        16,
        150,
        null,
        null,
        null,
        1,
        null,
        54,
        54,
        6,
        null,
        null,
        null,
        null,
        1,
        0,
        0,
        0,
        0,
        0,
        0,
        0,
        0,
        0,
        null
      ],
      "/Users/admirdraganovic/turing/1.2module/projects/enigma/lib/offset.rb": [
        1,
        1,
        1,
        null,
        null,
        null,
        1,
        null,
        1,
        34,
        34,
        null,
        null,
        1,
        353,
        353,
        null,
        null,
        1,
        88,
        null,
        null,
        1,
        88,
        null,
        null,
        1,
        88,
        null,
        null,
        1,
        88,
        null,
        null,
        1,
        88,
        null,
        null,
        1,
        88,
        null,
        null,
        1,
        88,
        null,
        null,
        1,
        88,
        null,
        null,
        1,
        87,
        null,
        null,
        1,
        87,
        null,
        null,
        1,
        87,
        null,
        null,
        1,
        87,
        null,
        null,
        1,
        null,
        null,
        null,
        null,
        null,
        86,
        null,
        null,
        1,
        7,
        7,
        7,
        59,
        59,
        59,
        null,
        null,
        null,
        1,
        4,
        4,
        4,
        27,
        27,
        27,
        null,
        null,
        null,
        null
      ],
      "/Users/admirdraganovic/turing/1.2module/projects/enigma/lib/decrypt.rb": [
        1,
        1,
        1,
        1,
        null,
        1,
        null,
        1,
        4,
        4,
        4,
        null,
        null,
        1,
        null,
        27,
        27,
        4,
        null,
        null,
        null,
        null,
        1,
        0,
        0,
        0,
        0,
        0,
        0,
        0,
        0,
        0,
        0,
        0,
        null
      ],
      "/Users/admirdraganovic/turing/1.2module/projects/enigma/test/decrypt_test.rb": [
        1,
        1,
        1,
        1,
        1,
        1,
        1,
        null,
        1,
        null,
        1,
        1,
        1,
        1,
        null,
        1,
        null,
        1,
        null,
        null,
        1,
        1,
        1,
        1,
        null,
        1,
        null,
        1,
        null,
        null,
        1,
        1,
        1,
        1,
        null,
        1,
        null,
        1,
        null,
        null,
        1,
        1,
        1,
        1,
        null,
        1,
        null,
        1,
        null,
        null,
        null
      ],
      "/Users/admirdraganovic/turing/1.2module/projects/enigma/test/encrypt_test.rb": [
        1,
        1,
        1,
        1,
        1,
        1,
        1,
        null,
        1,
        null,
        1,
        1,
        1,
        null,
        1,
        null,
        null,
        1,
        1,
        1,
        null,
        1,
        null,
        null,
        1,
        1,
        1,
        null,
        1,
        null,
        null,
        1,
        1,
        1,
        null,
        1,
        null,
        null,
        1,
        1,
        1,
        1,
        null,
        1,
        null,
        1,
        null,
        null,
        1,
        1,
        1,
        1,
        null,
        1,
        null,
        1,
        null,
        null,
        1,
        1,
        1,
        1,
        null,
        1,
        null,
        1,
        null,
        null,
        1,
        1,
        1,
        1,
        null,
        1,
        null,
        1,
        null,
        null,
        1,
        1,
        1,
        1,
        null,
        1,
        null,
        1,
        null,
        null,
        1,
        1,
        1,
        1,
        null,
        1,
        null,
        1,
        null,
        null,
        null
      ],
      "/Users/admirdraganovic/turing/1.2module/projects/enigma/test/offset_test.rb": [
        1,
        1,
        1,
        1,
        1,
        null,
        1,
        null,
        1,
        1,
        1,
        null,
        1,
        1,
        1,
        1,
        null,
        null,
        1,
        1,
        1,
        1,
        null,
        1,
        null,
        null,
        1,
        1,
        1,
        1,
        null,
        1,
        null,
        null,
        1,
        1,
        1,
        1,
        null,
        1,
        1,
        1,
        1,
        null,
        null,
        1,
        1,
        1,
        1,
        null,
        1,
        1,
        1,
        1,
        null,
        null,
        1,
        0,
        0,
        0,
        null,
        0,
        0,
        null,
        0,
        null,
        0,
        null,
        null,
        1,
        0,
        0,
        0,
        null,
        0,
        0,
        null,
        0,
        null,
        null,
        1,
        1,
        1,
        1,
        null,
        1,
        1,
        null,
        1,
        null,
        null,
        null
      ]
    },
    "timestamp": 1450370488
  }
}
